  [1m[35m (0.8ms)[0m  [1m[35mCREATE DATABASE "discord_clone_development" ENCODING = 'unicode'[0m
  [1m[35m (0.4ms)[0m  [1m[35mCREATE DATABASE "discord_clone_development" ENCODING = 'unicode'[0m
  [1m[35m (0.5ms)[0m  [1m[35mCREATE DATABASE "discord_clone_test" ENCODING = 'unicode'[0m
  [1m[35m (62.5ms)[0m  [1m[35mCREATE TABLE "schema_migrations" ("version" character varying NOT NULL PRIMARY KEY)[0m
  [1m[35m (66.2ms)[0m  [1m[35mCREATE TABLE "ar_internal_metadata" ("key" character varying NOT NULL PRIMARY KEY, "value" character varying, "created_at" timestamp(6) NOT NULL, "updated_at" timestamp(6) NOT NULL)[0m
  [1m[35m (0.2ms)[0m  [1m[34mSELECT pg_try_advisory_lock(2559309405724703415)[0m
  [1m[36mActiveRecord::SchemaMigration Load (0.5ms)[0m  [1m[34mSELECT "schema_migrations"."version" FROM "schema_migrations" ORDER BY "schema_migrations"."version" ASC[0m
  [1m[36mActiveRecord::InternalMetadata Load (1.0ms)[0m  [1m[34mSELECT * FROM "ar_internal_metadata" WHERE "ar_internal_metadata"."key" = $1 ORDER BY "ar_internal_metadata"."key" ASC LIMIT 1[0m  [[nil, "environment"]]
  [1m[36mActiveRecord::InternalMetadata Create (15.5ms)[0m  [1m[32mINSERT INTO "ar_internal_metadata" ("key", "value", "created_at", "updated_at") VALUES ('environment', 'development', '2024-06-20 17:22:54.570746', '2024-06-20 17:22:54.570749') RETURNING "key"[0m
  [1m[35m (0.2ms)[0m  [1m[34mSELECT pg_advisory_unlock(2559309405724703415)[0m
  [1m[36mActiveRecord::SchemaMigration Load (0.2ms)[0m  [1m[34mSELECT "schema_migrations"."version" FROM "schema_migrations" ORDER BY "schema_migrations"."version" ASC[0m
  [1m[35m (0.2ms)[0m  [1m[34mSELECT pg_try_advisory_lock(2559309405724703415)[0m
  [1m[36mActiveRecord::SchemaMigration Load (0.9ms)[0m  [1m[34mSELECT "schema_migrations"."version" FROM "schema_migrations" ORDER BY "schema_migrations"."version" ASC[0m
  [1m[36mActiveRecord::InternalMetadata Load (0.9ms)[0m  [1m[34mSELECT * FROM "ar_internal_metadata" WHERE "ar_internal_metadata"."key" = $1 ORDER BY "ar_internal_metadata"."key" ASC LIMIT 1[0m  [[nil, "environment"]]
  [1m[35m (0.2ms)[0m  [1m[34mSELECT pg_advisory_unlock(2559309405724703415)[0m
  [1m[36mActiveRecord::SchemaMigration Load (0.2ms)[0m  [1m[34mSELECT "schema_migrations"."version" FROM "schema_migrations" ORDER BY "schema_migrations"."version" ASC[0m
Started GET "/users/sign_in" for 127.0.0.1 at 2024-06-20 19:04:50 -0500
  [1m[36mActiveRecord::SchemaMigration Load (0.9ms)[0m  [1m[34mSELECT "schema_migrations"."version" FROM "schema_migrations" ORDER BY "schema_migrations"."version" ASC[0m
  
ActionController::RoutingError (No route matches [GET] "/users/sign_in"):
  
Started GET "/users/sign_in" for 127.0.0.1 at 2024-06-20 19:08:01 -0500
  [1m[36mActiveRecord::SchemaMigration Load (0.5ms)[0m  [1m[34mSELECT "schema_migrations"."version" FROM "schema_migrations" ORDER BY "schema_migrations"."version" ASC[0m
Processing by Devise::SessionsController#new as HTML
  Rendering layout layouts/application.html.erb
  Rendering vendor/bundle/ruby/3.0.0/gems/devise-4.9.4/app/views/devise/sessions/new.html.erb within layouts/application
  Rendered vendor/bundle/ruby/3.0.0/gems/devise-4.9.4/app/views/devise/shared/_links.html.erb (Duration: 2.1ms | Allocations: 681)
  Rendered vendor/bundle/ruby/3.0.0/gems/devise-4.9.4/app/views/devise/sessions/new.html.erb within layouts/application (Duration: 20.8ms | Allocations: 5524)
  Rendered layout layouts/application.html.erb (Duration: 277.3ms | Allocations: 79144)
Completed 200 OK in 440ms (Views: 292.0ms | ActiveRecord: 7.2ms | Allocations: 204598)


Started POST "/users/sign_in" for 127.0.0.1 at 2024-06-20 19:20:35 -0500
Processing by Devise::SessionsController#create as HTML
  Parameters: {"authenticity_token"=>"[FILTERED]", "user"=>{"email"=>"", "password"=>"[FILTERED]", "remember_me"=>"0"}, "commit"=>"Log in"}
Completed 401 Unauthorized in 1ms (ActiveRecord: 0.0ms | Allocations: 683)


Processing by Devise::SessionsController#new as HTML
  Parameters: {"authenticity_token"=>"[FILTERED]", "user"=>{"email"=>"", "password"=>"[FILTERED]", "remember_me"=>"0"}, "commit"=>"Log in"}
  Rendering layout layouts/application.html.erb
  Rendering vendor/bundle/ruby/3.0.0/gems/devise-4.9.4/app/views/devise/sessions/new.html.erb within layouts/application
  Rendered vendor/bundle/ruby/3.0.0/gems/devise-4.9.4/app/views/devise/shared/_links.html.erb (Duration: 0.2ms | Allocations: 124)
  Rendered vendor/bundle/ruby/3.0.0/gems/devise-4.9.4/app/views/devise/sessions/new.html.erb within layouts/application (Duration: 1.7ms | Allocations: 982)
  Rendered layout layouts/application.html.erb (Duration: 2.9ms | Allocations: 1974)
Completed 200 OK in 4ms (Views: 3.4ms | ActiveRecord: 0.0ms | Allocations: 2655)


Started POST "/users/sign_in" for 127.0.0.1 at 2024-06-21 14:54:32 -0500
  [1m[36mActiveRecord::SchemaMigration Load (0.8ms)[0m  [1m[34mSELECT "schema_migrations"."version" FROM "schema_migrations" ORDER BY "schema_migrations"."version" ASC[0m
Processing by Devise::SessionsController#create as HTML
  Parameters: {"authenticity_token"=>"[FILTERED]", "user"=>{"email"=>"", "password"=>"[FILTERED]", "remember_me"=>"0"}, "commit"=>"Log in"}
Completed 401 Unauthorized in 17ms (ActiveRecord: 0.0ms | Allocations: 4934)


Processing by Devise::SessionsController#new as HTML
  Parameters: {"authenticity_token"=>"[FILTERED]", "user"=>{"email"=>"", "password"=>"[FILTERED]", "remember_me"=>"0"}, "commit"=>"Log in"}
  Rendering layout layouts/application.html.erb
  Rendering devise/sessions/new.html.erb within layouts/application
  Rendered vendor/bundle/ruby/3.0.0/gems/devise-4.9.4/app/views/devise/shared/_links.html.erb (Duration: 1.7ms | Allocations: 686)
  Rendered devise/sessions/new.html.erb within layouts/application (Duration: 11.0ms | Allocations: 4920)
  Rendered layout layouts/application.html.erb (Duration: 5251.2ms | Allocations: 128874)
Completed 200 OK in 5401ms (Views: 5261.0ms | ActiveRecord: 16.5ms | Allocations: 248133)


Started POST "/users/sign_in" for 127.0.0.1 at 2024-06-21 14:56:34 -0500
Processing by Devise::SessionsController#create as HTML
  Parameters: {"authenticity_token"=>"[FILTERED]", "user"=>{"email"=>"", "password"=>"[FILTERED]", "remember_me"=>"0"}, "commit"=>"Log in"}
Completed 401 Unauthorized in 1ms (ActiveRecord: 0.0ms | Allocations: 781)


Processing by Devise::SessionsController#new as HTML
  Parameters: {"authenticity_token"=>"[FILTERED]", "user"=>{"email"=>"", "password"=>"[FILTERED]", "remember_me"=>"0"}, "commit"=>"Log in"}
  Rendering layout layouts/application.html.erb
  Rendering devise/sessions/new.html.erb within layouts/application
  Rendered vendor/bundle/ruby/3.0.0/gems/devise-4.9.4/app/views/devise/shared/_links.html.erb (Duration: 0.8ms | Allocations: 601)
  Rendered devise/sessions/new.html.erb within layouts/application (Duration: 3.4ms | Allocations: 2263)
  Rendered layout layouts/application.html.erb (Duration: 9.4ms | Allocations: 7207)
Completed 200 OK in 20ms (Views: 11.9ms | ActiveRecord: 2.1ms | Allocations: 12664)


Started POST "/users/sign_in" for 127.0.0.1 at 2024-06-21 14:58:31 -0500
Processing by Devise::SessionsController#create as HTML
  Parameters: {"authenticity_token"=>"[FILTERED]", "user"=>{"email"=>"", "password"=>"[FILTERED]", "remember_me"=>"0"}, "commit"=>"Log in"}
Completed 401 Unauthorized in 1ms (ActiveRecord: 0.0ms | Allocations: 780)


Processing by Devise::SessionsController#new as HTML
  Parameters: {"authenticity_token"=>"[FILTERED]", "user"=>{"email"=>"", "password"=>"[FILTERED]", "remember_me"=>"0"}, "commit"=>"Log in"}
  Rendering layout layouts/application.html.erb
  Rendering devise/sessions/new.html.erb within layouts/application
  Rendered vendor/bundle/ruby/3.0.0/gems/devise-4.9.4/app/views/devise/shared/_links.html.erb (Duration: 4.1ms | Allocations: 601)
  Rendered devise/sessions/new.html.erb within layouts/application (Duration: 14.5ms | Allocations: 2253)
  Rendered layout layouts/application.html.erb (Duration: 4489.2ms | Allocations: 38497)
Completed 200 OK in 4523ms (Views: 4500.8ms | ActiveRecord: 4.7ms | Allocations: 43878)


  [1m[36mTRANSACTION (0.1ms)[0m  [1m[35mBEGIN[0m
  [1m[36mUser Exists? (1.0ms)[0m  [1m[34mSELECT 1 AS one FROM "users" WHERE "users"."email" = $1 LIMIT $2[0m  [["email", "test@example.com"], ["LIMIT", 1]]
  [1m[36mUser Create (0.6ms)[0m  [1m[32mINSERT INTO "users" ("email", "encrypted_password", "reset_password_token", "reset_password_sent_at", "remember_created_at", "created_at", "updated_at") VALUES ($1, $2, $3, $4, $5, $6, $7) RETURNING "id"[0m  [["email", "test@example.com"], ["encrypted_password", "[FILTERED]"], ["reset_password_token", "[FILTERED]"], ["reset_password_sent_at", "[FILTERED]"], ["remember_created_at", nil], ["created_at", "2024-06-21 20:00:58.448301"], ["updated_at", "2024-06-21 20:00:58.448301"]]
  [1m[36mTRANSACTION (129.5ms)[0m  [1m[35mCOMMIT[0m
Started POST "/users/sign_in" for 127.0.0.1 at 2024-06-21 15:01:09 -0500
Processing by Devise::SessionsController#create as HTML
  Parameters: {"authenticity_token"=>"[FILTERED]", "user"=>{"email"=>"", "password"=>"[FILTERED]", "remember_me"=>"0"}, "commit"=>"Log in"}
Completed 401 Unauthorized in 1ms (ActiveRecord: 0.0ms | Allocations: 781)


Processing by Devise::SessionsController#new as HTML
  Parameters: {"authenticity_token"=>"[FILTERED]", "user"=>{"email"=>"", "password"=>"[FILTERED]", "remember_me"=>"0"}, "commit"=>"Log in"}
  Rendering layout layouts/application.html.erb
  Rendering devise/sessions/new.html.erb within layouts/application
  Rendered vendor/bundle/ruby/3.0.0/gems/devise-4.9.4/app/views/devise/shared/_links.html.erb (Duration: 0.9ms | Allocations: 601)
  Rendered devise/sessions/new.html.erb within layouts/application (Duration: 3.5ms | Allocations: 2254)
  Rendered layout layouts/application.html.erb (Duration: 4410.2ms | Allocations: 39771)
Completed 200 OK in 4422ms (Views: 4412.4ms | ActiveRecord: 4.4ms | Allocations: 45211)


Started POST "/users/sign_in" for 127.0.0.1 at 2024-06-21 15:01:49 -0500
Processing by Devise::SessionsController#create as HTML
  Parameters: {"authenticity_token"=>"[FILTERED]", "user"=>{"email"=>"test@example.com", "password"=>"[FILTERED]", "remember_me"=>"0"}, "commit"=>"Log in"}
  [1m[36mUser Load (0.5ms)[0m  [1m[34mSELECT "users".* FROM "users" WHERE "users"."email" = $1 ORDER BY "users"."id" ASC LIMIT $2[0m  [["email", "test@example.com"], ["LIMIT", 1]]
Redirected to http://localhost:3000/
Completed 303 See Other in 256ms (ActiveRecord: 0.7ms | Allocations: 20473)


Started GET "/" for 127.0.0.1 at 2024-06-21 15:01:49 -0500
Processing by ServersController#index as HTML
  [1m[36mUser Load (0.3ms)[0m  [1m[34mSELECT "users".* FROM "users" WHERE "users"."id" = $1 ORDER BY "users"."id" ASC LIMIT $2[0m  [["id", 1], ["LIMIT", 1]]
  Rendering layout layouts/application.html.erb
  Rendering servers/index.html.erb within layouts/application
  [1m[36mServer Load (0.5ms)[0m  [1m[34mSELECT "servers".* FROM "servers"[0m
  ↳ app/views/servers/index.html.erb:5
  Rendered servers/index.html.erb within layouts/application (Duration: 2.0ms | Allocations: 968)
  Rendered layout layouts/application.html.erb (Duration: 8.1ms | Allocations: 5774)
Completed 200 OK in 14ms (Views: 8.9ms | ActiveRecord: 0.7ms | Allocations: 9033)


Started GET "/" for 127.0.0.1 at 2024-06-21 17:52:47 -0500
Processing by ServersController#index as HTML
  [1m[36mUser Load (0.6ms)[0m  [1m[34mSELECT "users".* FROM "users" WHERE "users"."id" = $1 ORDER BY "users"."id" ASC LIMIT $2[0m  [["id", 1], ["LIMIT", 1]]
  Rendering layout layouts/application.html.erb
  Rendering servers/index.html.erb within layouts/application
  [1m[36mServer Load (0.4ms)[0m  [1m[34mSELECT "servers".* FROM "servers"[0m
  ↳ app/views/servers/index.html.erb:5
  Rendered servers/index.html.erb within layouts/application (Duration: 1.4ms | Allocations: 942)
  Rendered layout layouts/application.html.erb (Duration: 4469.0ms | Allocations: 35644)
Completed 200 OK in 4496ms (Views: 4469.7ms | ActiveRecord: 8.0ms | Allocations: 48495)


